Arguments: 
  /home/apadawan/.nvm/versions/node/v13.0.1/bin/node /home/apadawan/.nvm/versions/node/v13.0.1/bin/yarn add @babel

PATH: 
  /home/apadawan/.nvm/versions/node/v13.0.1/bin:/home/apadawan/.asdf/shims:/home/apadawan/.asdf/bin:/home/apadawan/.local/bin:/usr/local/bin:/usr/local/sbin:/usr/bin:/usr/lib/jvm/default/bin:/usr/bin/site_perl:/usr/bin/vendor_perl:/usr/bin/core_perl

Yarn version: 
  1.19.1

Node version: 
  13.0.1

Platform: 
  linux x64

Trace: 
  Error: https://registry.yarnpkg.com/@babel: Request "https://registry.yarnpkg.com/@babel" returned a 405
      at Request.params.callback [as _callback] (/home/apadawan/.nvm/versions/node/v13.0.1/lib/node_modules/yarn/lib/cli.js:66935:18)
      at Request.self.callback (/home/apadawan/.nvm/versions/node/v13.0.1/lib/node_modules/yarn/lib/cli.js:140564:22)
      at Request.emit (events.js:210:5)
      at Request.<anonymous> (/home/apadawan/.nvm/versions/node/v13.0.1/lib/node_modules/yarn/lib/cli.js:141536:10)
      at Request.emit (events.js:210:5)
      at IncomingMessage.<anonymous> (/home/apadawan/.nvm/versions/node/v13.0.1/lib/node_modules/yarn/lib/cli.js:141458:12)
      at Object.onceWrapper (events.js:299:28)
      at IncomingMessage.emit (events.js:215:7)
      at endReadableNT (_stream_readable.js:1198:12)
      at processTicksAndRejections (internal/process/task_queues.js:80:21)

npm manifest: 
  {
    "name": "exercise1",
    "version": "1.0.0",
    "description": "ES6 training",
    "main": "main.js",
    "author": "apadawan",
    "license": "MIT"
  }

yarn manifest: 
  No manifest

Lockfile: 
  No lockfile
